2025-12-23 07:15:19 - GeoTravelGlobalLogger - INFO     - [logger.py:278] - Git Metadata - Branch: MAIN, Commit: 1445527
2025-12-23 07:15:19 - GeoTravelGlobalLogger - INFO     - [logger.py:278] - Git Metadata - Branch: MAIN, Commit: 1445527
2025-12-23 07:15:19 - GeoTravelGlobalLogger - INFO     - [logger.py:278] - Branch: MAIN
2025-12-23 07:15:19 - GeoTravelGlobalLogger - INFO     - [logger.py:278] - Build ID: #2025.12.23.0715
2025-12-23 07:15:19 - GeoTravelGlobalLogger - INFO     - [logger.py:278] - Browser: CHROME
2025-12-23 07:15:19 - GeoTravelGlobalLogger - INFO     - [logger.py:278] - Environment: STAGING
2025-12-23 07:15:19 - GeoTravelGlobalLogger - INFO     - [logger.py:278] - Starting unified test run for: smoke, api, partners_api
2025-12-23 07:15:19 - GeoTravelGlobalLogger - INFO     - [logger.py:278] - Slack webhook response: 200
2025-12-23 07:15:19 - GeoTravelGlobalLogger - INFO     - [logger.py:278] - 🚀 Starting SMOKE test suite...
2025-12-23 07:15:19 - GeoTravelGlobalLogger - INFO     - [logger.py:278] - Git Metadata - Branch: MAIN, Commit: 1445527
2025-12-23 07:15:19 - GeoTravelGlobalLogger - INFO     - [logger.py:278] - Branch: MAIN
2025-12-23 07:15:19 - GeoTravelGlobalLogger - INFO     - [logger.py:278] - Build ID: #2025.12.23.0715
2025-12-23 07:15:19 - GeoTravelGlobalLogger - INFO     - [logger.py:278] - Browser: CHROME
2025-12-23 07:15:19 - GeoTravelGlobalLogger - INFO     - [logger.py:278] - Environment: STAGING
2025-12-23 07:15:19 - GeoTravelGlobalLogger - INFO     - [logger.py:278] - Running SMOKE tests from src/tests/smoke_tests/
2025-12-23 07:15:19 - GeoTravelGlobalLogger - INFO     - [logger.py:278] - Checking UI environment availability...
2025-12-23 07:15:19 - GeoTravelGlobalLogger - INFO     - [logger.py:278] - UI environment check attempt 1/3 for https://retail.stg.gowithgeo.com
2025-12-23 07:15:23 - GeoTravelGlobalLogger - ERROR    - [logger.py:296] - UI check attempt 1 failed: HTTPSConnectionPool(host='retail.stg.gowithgeo.com', port=443): Max retries exceeded with url: / (Caused by ResponseError('too many 503 error responses'))
2025-12-23 07:15:23 - GeoTravelGlobalLogger - INFO     - [logger.py:278] - Waiting 5s before next UI check...
2025-12-23 07:15:28 - GeoTravelGlobalLogger - INFO     - [logger.py:278] - UI environment check attempt 2/3 for https://retail.stg.gowithgeo.com
2025-12-23 07:15:31 - GeoTravelGlobalLogger - ERROR    - [logger.py:296] - UI check attempt 2 failed: HTTPSConnectionPool(host='retail.stg.gowithgeo.com', port=443): Max retries exceeded with url: / (Caused by ResponseError('too many 503 error responses'))
2025-12-23 07:15:31 - GeoTravelGlobalLogger - INFO     - [logger.py:278] - Waiting 10s before next UI check...
2025-12-23 07:15:41 - GeoTravelGlobalLogger - INFO     - [logger.py:278] - UI environment check attempt 3/3 for https://retail.stg.gowithgeo.com
2025-12-23 07:15:44 - GeoTravelGlobalLogger - ERROR    - [logger.py:296] - UI check attempt 3 failed: HTTPSConnectionPool(host='retail.stg.gowithgeo.com', port=443): Max retries exceeded with url: / (Caused by ResponseError('too many 503 error responses'))
2025-12-23 07:15:44 - GeoTravelGlobalLogger - ERROR    - [logger.py:296] - UI environment staging is not accessible after 3 attempts
2025-12-23 07:15:44 - GeoTravelGlobalLogger - ERROR    - [logger.py:296] - Skipping UI tests: Homepage URL not reachable
2025-12-23 07:15:44 - GeoTravelGlobalLogger - INFO     - [logger.py:278] - Slack webhook response: 200
2025-12-23 07:15:44 - GeoTravelGlobalLogger - INFO     - [logger.py:278] - ✅ Completed SMOKE test suite
2025-12-23 07:15:44 - GeoTravelGlobalLogger - INFO     - [logger.py:278] - 🚀 Starting API test suite...
2025-12-23 07:15:44 - GeoTravelGlobalLogger - INFO     - [logger.py:278] - Git Metadata - Branch: MAIN, Commit: 1445527
2025-12-23 07:15:44 - GeoTravelGlobalLogger - INFO     - [logger.py:278] - Branch: MAIN
2025-12-23 07:15:44 - GeoTravelGlobalLogger - INFO     - [logger.py:278] - Build ID: #2025.12.23.0715
2025-12-23 07:15:44 - GeoTravelGlobalLogger - INFO     - [logger.py:278] - Browser: CHROME
2025-12-23 07:15:44 - GeoTravelGlobalLogger - INFO     - [logger.py:278] - Environment: STAGING
2025-12-23 07:15:44 - GeoTravelGlobalLogger - INFO     - [logger.py:278] - Running API tests from src/tests/api_tests/
2025-12-23 07:15:44 - GeoTravelGlobalLogger - INFO     - [logger.py:278] - Checking API environment availability...
2025-12-23 07:15:44 - GeoTravelGlobalLogger - INFO     - [logger.py:278] - API health check attempt 1/3 for https://api.stg.gowithgeo.com/api/auth/login
2025-12-23 07:15:47 - GeoTravelGlobalLogger - ERROR    - [logger.py:296] - API check attempt 1 failed: HTTPSConnectionPool(host='api.stg.gowithgeo.com', port=443): Max retries exceeded with url: /api/auth/login (Caused by ResponseError('too many 503 error responses'))
2025-12-23 07:15:47 - GeoTravelGlobalLogger - INFO     - [logger.py:278] - Waiting 2s before next API check...
2025-12-23 07:15:49 - GeoTravelGlobalLogger - INFO     - [logger.py:278] - API health check attempt 2/3 for https://api.stg.gowithgeo.com/api/auth/login
2025-12-23 07:15:52 - GeoTravelGlobalLogger - ERROR    - [logger.py:296] - API check attempt 2 failed: HTTPSConnectionPool(host='api.stg.gowithgeo.com', port=443): Max retries exceeded with url: /api/auth/login (Caused by ResponseError('too many 503 error responses'))
2025-12-23 07:15:52 - GeoTravelGlobalLogger - INFO     - [logger.py:278] - Waiting 4s before next API check...
2025-12-23 07:15:56 - GeoTravelGlobalLogger - INFO     - [logger.py:278] - API health check attempt 3/3 for https://api.stg.gowithgeo.com/api/auth/login
2025-12-23 07:15:59 - GeoTravelGlobalLogger - ERROR    - [logger.py:296] - API check attempt 3 failed: HTTPSConnectionPool(host='api.stg.gowithgeo.com', port=443): Max retries exceeded with url: /api/auth/login (Caused by ResponseError('too many 503 error responses'))
2025-12-23 07:15:59 - GeoTravelGlobalLogger - ERROR    - [logger.py:296] - API endpoint /api/auth/login is not accessible after 3 attempts
2025-12-23 07:15:59 - GeoTravelGlobalLogger - WARNING  - [logger.py:293] - API tests will be skipped - authentication endpoint not accessible in staging
2025-12-23 07:15:59 - GeoTravelGlobalLogger - WARNING  - [logger.py:293] - Skipping API tests: Authentication endpoint not accessible
2025-12-23 07:16:00 - GeoTravelGlobalLogger - INFO     - [logger.py:278] - Slack webhook response: 200
2025-12-23 07:16:00 - GeoTravelGlobalLogger - INFO     - [logger.py:278] - ✅ Completed API test suite
2025-12-23 07:16:00 - GeoTravelGlobalLogger - INFO     - [logger.py:278] - 🚀 Starting PARTNERS_API test suite...
2025-12-23 07:16:00 - GeoTravelGlobalLogger - INFO     - [logger.py:278] - Git Metadata - Branch: MAIN, Commit: 1445527
2025-12-23 07:16:00 - GeoTravelGlobalLogger - INFO     - [logger.py:278] - Branch: MAIN
2025-12-23 07:16:00 - GeoTravelGlobalLogger - INFO     - [logger.py:278] - Build ID: #2025.12.23.0715
2025-12-23 07:16:00 - GeoTravelGlobalLogger - INFO     - [logger.py:278] - Browser: CHROME
2025-12-23 07:16:00 - GeoTravelGlobalLogger - INFO     - [logger.py:278] - Environment: STAGING
2025-12-23 07:16:00 - GeoTravelGlobalLogger - INFO     - [logger.py:278] - Running PARTNERS_API tests from src/tests/partners_api_tests/
2025-12-23 07:16:00 - GeoTravelGlobalLogger - INFO     - [logger.py:278] - Checking Partners API environment availability...
2025-12-23 07:16:00 - GeoTravelGlobalLogger - INFO     - [logger.py:278] - Partners API Request: GET https://sandbox.api.developers.gowithgeo.com/api
2025-12-23 07:16:00 - GeoTravelGlobalLogger - INFO     - [logger.py:278] - Partners API Response: 503
2025-12-23 07:16:00 - GeoTravelGlobalLogger - WARNING  - [logger.py:293] - Partners API Error: 503 - saved dump: reports/failed_responses/20251223_071600_503_api.txt
2025-12-23 07:16:00 - GeoTravelGlobalLogger - ERROR    - [logger.py:296] - Skipping Partners API tests: Partners API gateway unreachable (Status: 503)
2025-12-23 07:16:00 - GeoTravelGlobalLogger - INFO     - [logger.py:278] - Slack webhook response: 200
2025-12-23 07:16:00 - GeoTravelGlobalLogger - INFO     - [logger.py:278] - ✅ Completed PARTNERS_API test suite
2025-12-23 07:16:00 - GeoTravelGlobalLogger - WARNING  - [logger.py:293] - No test results to report
